<?xml version="1.0" encoding="UTF-8"?>
<!-- Generated by org.testng.reporters.JUnitXMLReporter -->
<testsuite ignored="0" hostname="TechMs-MacBook-Pro.local" failures="0" tests="3" name="Default test" time="35.813" errors="0" timestamp="2022-03-11T15:33:50 PST">
  <testcase classname="tests.SeleniumDemo" name="sampleTestMethod" time="5.526"/>
  <testcase classname="tests.SeleniumDemo" name="sampleTestMethod2" time="5.589"/>
  <testcase classname="tests.SeleniumDemo" name="sampleTestMethod3" time="10.525"/>
</testsuite> <!-- Default test -->
