<?xml version="1.0" encoding="UTF-8"?>
<testng-results ignored="0" total="3" passed="3" failed="0" skipped="0">
  <reporter-output>
  </reporter-output>
  <suite started-at="2022-03-11T15:33:14 PST" name="Default suite" finished-at="2022-03-11T15:33:50 PST" duration-ms="35813">
    <groups>
    </groups>
    <test started-at="2022-03-11T15:33:14 PST" name="Default test" finished-at="2022-03-11T15:33:50 PST" duration-ms="35813">
      <class name="tests.SeleniumDemo">
        <test-method is-config="true" signature="startTesting()[pri:0, instance:tests.SeleniumDemo@34b7ac2f]" started-at="2022-03-11T15:33:14 PST" name="startTesting" finished-at="2022-03-11T15:33:14 PST" duration-ms="8" status="PASS">
          <reporter-output>
          </reporter-output>
        </test-method> <!-- startTesting -->
        <test-method is-config="true" signature="startDriver()[pri:0, instance:tests.SeleniumDemo@34b7ac2f]" started-at="2022-03-11T15:33:14 PST" name="startDriver" finished-at="2022-03-11T15:33:19 PST" duration-ms="5476" status="PASS">
          <reporter-output>
          </reporter-output>
        </test-method> <!-- startDriver -->
        <test-method signature="sampleTestMethod()[pri:0, instance:tests.SeleniumDemo@34b7ac2f]" started-at="2022-03-11T15:33:19 PST" name="sampleTestMethod" finished-at="2022-03-11T15:33:25 PST" duration-ms="5526" status="PASS">
          <reporter-output>
          </reporter-output>
        </test-method> <!-- sampleTestMethod -->
        <test-method is-config="true" signature="startDriver()[pri:0, instance:tests.SeleniumDemo@34b7ac2f]" started-at="2022-03-11T15:33:25 PST" name="startDriver" finished-at="2022-03-11T15:33:29 PST" duration-ms="4210" status="PASS">
          <reporter-output>
          </reporter-output>
        </test-method> <!-- startDriver -->
        <test-method signature="sampleTestMethod2()[pri:0, instance:tests.SeleniumDemo@34b7ac2f]" started-at="2022-03-11T15:33:29 PST" name="sampleTestMethod2" finished-at="2022-03-11T15:33:35 PST" duration-ms="5589" status="PASS">
          <reporter-output>
          </reporter-output>
        </test-method> <!-- sampleTestMethod2 -->
        <test-method is-config="true" signature="startDriver()[pri:0, instance:tests.SeleniumDemo@34b7ac2f]" started-at="2022-03-11T15:33:35 PST" name="startDriver" finished-at="2022-03-11T15:33:39 PST" duration-ms="4211" status="PASS">
          <reporter-output>
          </reporter-output>
        </test-method> <!-- startDriver -->
        <test-method signature="sampleTestMethod3()[pri:0, instance:tests.SeleniumDemo@34b7ac2f]" started-at="2022-03-11T15:33:39 PST" name="sampleTestMethod3" finished-at="2022-03-11T15:33:50 PST" duration-ms="10525" status="PASS">
          <reporter-output>
          </reporter-output>
        </test-method> <!-- sampleTestMethod3 -->
        <test-method is-config="true" signature="terminateBrowser()[pri:0, instance:tests.SeleniumDemo@34b7ac2f]" started-at="2022-03-11T15:33:50 PST" name="terminateBrowser" finished-at="2022-03-11T15:33:50 PST" duration-ms="227" status="PASS">
          <reporter-output>
          </reporter-output>
        </test-method> <!-- terminateBrowser -->
      </class> <!-- tests.SeleniumDemo -->
    </test> <!-- Default test -->
  </suite> <!-- Default suite -->
</testng-results>
